<?xml version="1.0" encoding="UTF-8"?>
<!-- Generated by org.testng.reporters.JUnitXMLReporter -->
<testsuite ignored="1" hostname="DESKTOP-9B2JCSO" failures="1" tests="1" name="Default test(failed)" time="6.757" errors="0" timestamp="2023-05-27T09:18:16 IST">
  <testcase classname="org.testngpractice.TestCases" name="tc2" time="6.488">
    <failure type="java.lang.AssertionError" message="expected [true] but found [false]">
      <![CDATA[java.lang.AssertionError: expected [true] but found [false]
at java.base/java.util.ArrayList.forEach(ArrayList.java:1541)
... Removed 32 stack frames]]>
    </failure>
  </testcase> <!-- tc2 -->
  <testcase classname="org.testngpractice.TestCases" name="tc1" time="0.0">
    <ignored/>
  </testcase> <!-- tc1 -->
</testsuite> <!-- Default test(failed) -->
