<?xml version="1.0" encoding="UTF-8"?>
<!-- Generated by org.testng.reporters.JUnitXMLReporter -->
<testsuite ignored="0" hostname="DESKTOP-9B2JCSO" failures="0" tests="4" name="TestOne" time="40.522" errors="0" timestamp="2023-05-29T09:39:01 IST">
  <testcase classname="org.testngpractice.TestCases" name="tc1" time="16.774"/>
  <testcase classname="org.testngpractice.Sample" name="tc1" time="5.141"/>
  <testcase classname="org.testngpractice.TestSample" name="tc2" time="7.211">
    <skipped/>
  </testcase> <!-- tc2 -->
  <testcase classname="org.testngpractice.TestSample" name="tc2" time="11.15"/>
</testsuite> <!-- TestOne -->
