<?xml version="1.0" encoding="UTF-8"?>
<!-- Generated by org.testng.reporters.JUnitXMLReporter -->
<testsuite ignored="0" hostname="DESKTOP-9B2JCSO" failures="0" tests="4" name="TestTwo" time="26.983" errors="0" timestamp="2023-05-29T09:48:46 IST">
  <testcase classname="org.testngpractice.Sample" name="tc2" time="17.394"/>
  <testcase classname="org.testngpractice.Sample" name="tc1" time="17.451">
    <skipped/>
  </testcase> <!-- tc1 -->
  <testcase classname="org.testngpractice.Sample" name="tc3" time="19.366"/>
  <testcase classname="org.testngpractice.Sample" name="tc1" time="9.306"/>
</testsuite> <!-- TestTwo -->
