<?xml version="1.0" encoding="UTF-8"?>
<!-- Generated by org.testng.reporters.JUnitXMLReporter -->
<testsuite ignored="0" hostname="DESKTOP-9B2JCSO" failures="0" tests="4" name="Test" time="45.896" errors="0" timestamp="2023-05-24T09:58:42 IST">
  <testcase classname="org.testngpractice.Sample" name="tc1" time="0.373"/>
  <testcase classname="org.testngpractice.Sample" name="tc2" time="1.947"/>
  <testcase classname="org.testngpractice.Sample" name="tc3" time="0.158"/>
  <testcase classname="org.testngpractice.TestCases" name="tc1" time="33.372"/>
</testsuite> <!-- Test -->
