<?xml version="1.0" encoding="UTF-8"?>
<testsuite xmlns:xsi="http://www.w3.org/2001/XMLSchema-instance" xsi:noNamespaceSchemaLocation="https://maven.apache.org/surefire/maven-surefire-plugin/xsd/surefire-test-report-3.0.xsd" version="3.0" name="TestSuite" time="14.453" tests="1" errors="0" skipped="0" failures="1">
  <properties>
[...]
</properties>
  <testcase name="tc1" classname="org.testngpractice.Sample" time="12.599">
    <failure message="stale element reference: stale element not found&#10;  (Session info: chrome=114.0.5735.198)&#10;For documentation on this error, please visit: https://selenium.dev/exceptions/#stale_element_reference&#10;Build info: version: &apos;4.8.1&apos;, revision: &apos;8ebccac989&apos;&#10;System info: os.name: &apos;Windows 10&apos;, os.arch: &apos;amd64&apos;, os.version: &apos;10.0&apos;, java.version: &apos;11.0.16.1&apos;&#10;Driver info: org.openqa.selenium.chrome.ChromeDriver&#10;Command: [c544dc64adb88ae4ae12f438489d93a0, getElementText {id=05AD2398D76764DEB6DD41ABFAEE26FC_element_217}]&#10;Capabilities {acceptInsecureCerts: false, browserName: chrome, browserVersion: 114.0.5735.198, chrome: {chromedriverVersion: 114.0.5735.90 (386bc09e8f4f..., userDataDir: C:\Users\Lenovo\AppData\Loc...}, goog:chromeOptions: {debuggerAddress: localhost:55320}, networkConnectionEnabled: false, pageLoadStrategy: normal, platformName: WINDOWS, proxy: Proxy(), se:cdp: ws://localhost:55320/devtoo..., se:cdpVersion: 114.0.5735.198, setWindowRect: true, strictFileInteractability: false, timeouts: {implicit: 0, pageLoad: 300000, script: 30000}, unhandledPromptBehavior: dismiss and notify, webauthn:extension:credBlob: true, webauthn:extension:largeBlob: true, webauthn:extension:minPinLength: true, webauthn:extension:prf: true, webauthn:virtualAuthenticators: true}&#10;Element: [[ChromeDriver: chrome on WINDOWS (c544dc64adb88ae4ae12f438489d93a0)] -&gt; xpath: //div[@class=&apos;sc-AxjAm fzFgoJ&apos;]]&#10;Session ID: c544dc64adb88ae4ae12f438489d93a0" type="org.openqa.selenium.StaleElementReferenceException"><![CDATA[org.openqa.selenium.StaleElementReferenceException: 
stale element reference: stale element not found
  (Session info: chrome=114.0.5735.198)
For documentation on this error, please visit: https://selenium.dev/exceptions/#stale_element_reference
Build info: version: '4.8.1', revision: '8ebccac989'
System info: os.name: 'Windows 10', os.arch: 'amd64', os.version: '10.0', java.version: '11.0.16.1'
Driver info: org.openqa.selenium.chrome.ChromeDriver
Command: [c544dc64adb88ae4ae12f438489d93a0, getElementText {id=05AD2398D76764DEB6DD41ABFAEE26FC_element_217}]
Capabilities {acceptInsecureCerts: false, browserName: chrome, browserVersion: 114.0.5735.198, chrome: {chromedriverVersion: 114.0.5735.90 (386bc09e8f4f..., userDataDir: C:\Users\Lenovo\AppData\Loc...}, goog:chromeOptions: {debuggerAddress: localhost:55320}, networkConnectionEnabled: false, pageLoadStrategy: normal, platformName: WINDOWS, proxy: Proxy(), se:cdp: ws://localhost:55320/devtoo..., se:cdpVersion: 114.0.5735.198, setWindowRect: true, strictFileInteractability: false, timeouts: {implicit: 0, pageLoad: 300000, script: 30000}, unhandledPromptBehavior: dismiss and notify, webauthn:extension:credBlob: true, webauthn:extension:largeBlob: true, webauthn:extension:minPinLength: true, webauthn:extension:prf: true, webauthn:virtualAuthenticators: true}
Element: [[ChromeDriver: chrome on WINDOWS (c544dc64adb88ae4ae12f438489d93a0)] -> xpath: //div[@class='sc-AxjAm fzFgoJ']]
Session ID: c544dc64adb88ae4ae12f438489d93a0
	at java.base/jdk.internal.reflect.NativeConstructorAccessorImpl.newInstance0(Native Method)
	at java.base/jdk.internal.reflect.NativeConstructorAccessorImpl.newInstance(NativeConstructorAccessorImpl.java:62)
	at java.base/jdk.internal.reflect.DelegatingConstructorAccessorImpl.newInstance(DelegatingConstructorAccessorImpl.java:45)
	at java.base/java.lang.reflect.Constructor.newInstance(Constructor.java:490)
	at org.openqa.selenium.remote.codec.w3c.W3CHttpResponseCodec.createException(W3CHttpResponseCodec.java:200)
	at org.openqa.selenium.remote.codec.w3c.W3CHttpResponseCodec.decode(W3CHttpResponseCodec.java:133)
	at org.openqa.selenium.remote.codec.w3c.W3CHttpResponseCodec.decode(W3CHttpResponseCodec.java:53)
	at org.openqa.selenium.remote.HttpCommandExecutor.execute(HttpCommandExecutor.java:184)
	at org.openqa.selenium.remote.service.DriverCommandExecutor.invokeExecute(DriverCommandExecutor.java:167)
	at org.openqa.selenium.remote.service.DriverCommandExecutor.execute(DriverCommandExecutor.java:142)
	at org.openqa.selenium.remote.RemoteWebDriver.execute(RemoteWebDriver.java:543)
	at org.openqa.selenium.remote.RemoteWebElement.execute(RemoteWebElement.java:257)
	at org.openqa.selenium.remote.RemoteWebElement.getText(RemoteWebElement.java:207)
	at org.testngpractice.Sample.tc1(Sample.java:35)
	at java.base/jdk.internal.reflect.NativeMethodAccessorImpl.invoke0(Native Method)
	at java.base/jdk.internal.reflect.NativeMethodAccessorImpl.invoke(NativeMethodAccessorImpl.java:62)
	at java.base/jdk.internal.reflect.DelegatingMethodAccessorImpl.invoke(DelegatingMethodAccessorImpl.java:43)
	at java.base/java.lang.reflect.Method.invoke(Method.java:566)
	at org.testng.internal.invokers.MethodInvocationHelper.invokeMethod(MethodInvocationHelper.java:139)
	at org.testng.internal.invokers.TestInvoker.invokeMethod(TestInvoker.java:677)
	at org.testng.internal.invokers.TestInvoker.invokeTestMethod(TestInvoker.java:221)
	at org.testng.internal.invokers.MethodRunner.runInSequence(MethodRunner.java:50)
	at org.testng.internal.invokers.TestInvoker$MethodInvocationAgent.invoke(TestInvoker.java:969)
	at org.testng.internal.invokers.TestInvoker.invokeTestMethods(TestInvoker.java:194)
	at org.testng.internal.invokers.TestMethodWorker.invokeTestMethods(TestMethodWorker.java:148)
	at org.testng.internal.invokers.TestMethodWorker.run(TestMethodWorker.java:128)
	at java.base/java.util.concurrent.ThreadPoolExecutor.runWorker(ThreadPoolExecutor.java:1128)
	at java.base/java.util.concurrent.ThreadPoolExecutor$Worker.run(ThreadPoolExecutor.java:628)
	at java.base/java.lang.Thread.run(Thread.java:834)
]]></failure>
    <system-out><![CDATA[[[[ChromeDriver: chrome on WINDOWS (c544dc64adb88ae4ae12f438489d93a0)] -> xpath: (//*[local-name()='svg'])[30]//*[name()='rect']], [[ChromeDriver: chrome on WINDOWS (c544dc64adb88ae4ae12f438489d93a0)] -> xpath: (//*[local-name()='svg'])[30]//*[name()='rect']], [[ChromeDriver: chrome on WINDOWS (c544dc64adb88ae4ae12f438489d93a0)] -> xpath: (//*[local-name()='svg'])[30]//*[name()='rect']], [[ChromeDriver: chrome on WINDOWS (c544dc64adb88ae4ae12f438489d93a0)] -> xpath: (//*[local-name()='svg'])[30]//*[name()='rect']], [[ChromeDriver: chrome on WINDOWS (c544dc64adb88ae4ae12f438489d93a0)] -> xpath: (//*[local-name()='svg'])[30]//*[name()='rect']], [[ChromeDriver: chrome on WINDOWS (c544dc64adb88ae4ae12f438489d93a0)] -> xpath: (//*[local-name()='svg'])[30]//*[name()='rect']], [[ChromeDriver: chrome on WINDOWS (c544dc64adb88ae4ae12f438489d93a0)] -> xpath: (//*[local-name()='svg'])[30]//*[name()='rect']], [[ChromeDriver: chrome on WINDOWS (c544dc64adb88ae4ae12f438489d93a0)] -> xpath: (//*[local-name()='svg'])[30]//*[name()='rect']], [[ChromeDriver: chrome on WINDOWS (c544dc64adb88ae4ae12f438489d93a0)] -> xpath: (//*[local-name()='svg'])[30]//*[name()='rect']], [[ChromeDriver: chrome on WINDOWS (c544dc64adb88ae4ae12f438489d93a0)] -> xpath: (//*[local-name()='svg'])[30]//*[name()='rect']], [[ChromeDriver: chrome on WINDOWS (c544dc64adb88ae4ae12f438489d93a0)] -> xpath: (//*[local-name()='svg'])[30]//*[name()='rect']], [[ChromeDriver: chrome on WINDOWS (c544dc64adb88ae4ae12f438489d93a0)] -> xpath: (//*[local-name()='svg'])[30]//*[name()='rect']], [[ChromeDriver: chrome on WINDOWS (c544dc64adb88ae4ae12f438489d93a0)] -> xpath: (//*[local-name()='svg'])[30]//*[name()='rect']], [[ChromeDriver: chrome on WINDOWS (c544dc64adb88ae4ae12f438489d93a0)] -> xpath: (//*[local-name()='svg'])[30]//*[name()='rect']], [[ChromeDriver: chrome on WINDOWS (c544dc64adb88ae4ae12f438489d93a0)] -> xpath: (//*[local-name()='svg'])[30]//*[name()='rect']], [[ChromeDriver: chrome on WINDOWS (c544dc64adb88ae4ae12f438489d93a0)] -> xpath: (//*[local-name()='svg'])[30]//*[name()='rect']], [[ChromeDriver: chrome on WINDOWS (c544dc64adb88ae4ae12f438489d93a0)] -> xpath: (//*[local-name()='svg'])[30]//*[name()='rect']], [[ChromeDriver: chrome on WINDOWS (c544dc64adb88ae4ae12f438489d93a0)] -> xpath: (//*[local-name()='svg'])[30]//*[name()='rect']], [[ChromeDriver: chrome on WINDOWS (c544dc64adb88ae4ae12f438489d93a0)] -> xpath: (//*[local-name()='svg'])[30]//*[name()='rect']], [[ChromeDriver: chrome on WINDOWS (c544dc64adb88ae4ae12f438489d93a0)] -> xpath: (//*[local-name()='svg'])[30]//*[name()='rect']], [[ChromeDriver: chrome on WINDOWS (c544dc64adb88ae4ae12f438489d93a0)] -> xpath: (//*[local-name()='svg'])[30]//*[name()='rect']], [[ChromeDriver: chrome on WINDOWS (c544dc64adb88ae4ae12f438489d93a0)] -> xpath: (//*[local-name()='svg'])[30]//*[name()='rect']], [[ChromeDriver: chrome on WINDOWS (c544dc64adb88ae4ae12f438489d93a0)] -> xpath: (//*[local-name()='svg'])[30]//*[name()='rect']], [[ChromeDriver: chrome on WINDOWS (c544dc64adb88ae4ae12f438489d93a0)] -> xpath: (//*[local-name()='svg'])[30]//*[name()='rect']], [[ChromeDriver: chrome on WINDOWS (c544dc64adb88ae4ae12f438489d93a0)] -> xpath: (//*[local-name()='svg'])[30]//*[name()='rect']], [[ChromeDriver: chrome on WINDOWS (c544dc64adb88ae4ae12f438489d93a0)] -> xpath: (//*[local-name()='svg'])[30]//*[name()='rect']], [[ChromeDriver: chrome on WINDOWS (c544dc64adb88ae4ae12f438489d93a0)] -> xpath: (//*[local-name()='svg'])[30]//*[name()='rect']], [[ChromeDriver: chrome on WINDOWS (c544dc64adb88ae4ae12f438489d93a0)] -> xpath: (//*[local-name()='svg'])[30]//*[name()='rect']], [[ChromeDriver: chrome on WINDOWS (c544dc64adb88ae4ae12f438489d93a0)] -> xpath: (//*[local-name()='svg'])[30]//*[name()='rect']], [[ChromeDriver: chrome on WINDOWS (c544dc64adb88ae4ae12f438489d93a0)] -> xpath: (//*[local-name()='svg'])[30]//*[name()='rect']], [[ChromeDriver: chrome on WINDOWS (c544dc64adb88ae4ae12f438489d93a0)] -> xpath: (//*[local-name()='svg'])[30]//*[name()='rect']], [[ChromeDriver: chrome on WINDOWS (c544dc64adb88ae4ae12f438489d93a0)] -> xpath: (//*[local-name()='svg'])[30]//*[name()='rect']], [[ChromeDriver: chrome on WINDOWS (c544dc64adb88ae4ae12f438489d93a0)] -> xpath: (//*[local-name()='svg'])[30]//*[name()='rect']], [[ChromeDriver: chrome on WINDOWS (c544dc64adb88ae4ae12f438489d93a0)] -> xpath: (//*[local-name()='svg'])[30]//*[name()='rect']], [[ChromeDriver: chrome on WINDOWS (c544dc64adb88ae4ae12f438489d93a0)] -> xpath: (//*[local-name()='svg'])[30]//*[name()='rect']], [[ChromeDriver: chrome on WINDOWS (c544dc64adb88ae4ae12f438489d93a0)] -> xpath: (//*[local-name()='svg'])[30]//*[name()='rect']], [[ChromeDriver: chrome on WINDOWS (c544dc64adb88ae4ae12f438489d93a0)] -> xpath: (//*[local-name()='svg'])[30]//*[name()='rect']], [[ChromeDriver: chrome on WINDOWS (c544dc64adb88ae4ae12f438489d93a0)] -> xpath: (//*[local-name()='svg'])[30]//*[name()='rect']], [[ChromeDriver: chrome on WINDOWS (c544dc64adb88ae4ae12f438489d93a0)] -> xpath: (//*[local-name()='svg'])[30]//*[name()='rect']], [[ChromeDriver: chrome on WINDOWS (c544dc64adb88ae4ae12f438489d93a0)] -> xpath: (//*[local-name()='svg'])[30]//*[name()='rect']], [[ChromeDriver: chrome on WINDOWS (c544dc64adb88ae4ae12f438489d93a0)] -> xpath: (//*[local-name()='svg'])[30]//*[name()='rect']], [[ChromeDriver: chrome on WINDOWS (c544dc64adb88ae4ae12f438489d93a0)] -> xpath: (//*[local-name()='svg'])[30]//*[name()='rect']], [[ChromeDriver: chrome on WINDOWS (c544dc64adb88ae4ae12f438489d93a0)] -> xpath: (//*[local-name()='svg'])[30]//*[name()='rect']], [[ChromeDriver: chrome on WINDOWS (c544dc64adb88ae4ae12f438489d93a0)] -> xpath: (//*[local-name()='svg'])[30]//*[name()='rect']], [[ChromeDriver: chrome on WINDOWS (c544dc64adb88ae4ae12f438489d93a0)] -> xpath: (//*[local-name()='svg'])[30]//*[name()='rect']], [[ChromeDriver: chrome on WINDOWS (c544dc64adb88ae4ae12f438489d93a0)] -> xpath: (//*[local-name()='svg'])[30]//*[name()='rect']], [[ChromeDriver: chrome on WINDOWS (c544dc64adb88ae4ae12f438489d93a0)] -> xpath: (//*[local-name()='svg'])[30]//*[name()='rect']], [[ChromeDriver: chrome on WINDOWS (c544dc64adb88ae4ae12f438489d93a0)] -> xpath: (//*[local-name()='svg'])[30]//*[name()='rect']], [[ChromeDriver: chrome on WINDOWS (c544dc64adb88ae4ae12f438489d93a0)] -> xpath: (//*[local-name()='svg'])[30]//*[name()='rect']], [[ChromeDriver: chrome on WINDOWS (c544dc64adb88ae4ae12f438489d93a0)] -> xpath: (//*[local-name()='svg'])[30]//*[name()='rect']], [[ChromeDriver: chrome on WINDOWS (c544dc64adb88ae4ae12f438489d93a0)] -> xpath: (//*[local-name()='svg'])[30]//*[name()='rect']], [[ChromeDriver: chrome on WINDOWS (c544dc64adb88ae4ae12f438489d93a0)] -> xpath: (//*[local-name()='svg'])[30]//*[name()='rect']], [[ChromeDriver: chrome on WINDOWS (c544dc64adb88ae4ae12f438489d93a0)] -> xpath: (//*[local-name()='svg'])[30]//*[name()='rect']], [[ChromeDriver: chrome on WINDOWS (c544dc64adb88ae4ae12f438489d93a0)] -> xpath: (//*[local-name()='svg'])[30]//*[name()='rect']], [[ChromeDriver: chrome on WINDOWS (c544dc64adb88ae4ae12f438489d93a0)] -> xpath: (//*[local-name()='svg'])[30]//*[name()='rect']], [[ChromeDriver: chrome on WINDOWS (c544dc64adb88ae4ae12f438489d93a0)] -> xpath: (//*[local-name()='svg'])[30]//*[name()='rect']], [[ChromeDriver: chrome on WINDOWS (c544dc64adb88ae4ae12f438489d93a0)] -> xpath: (//*[local-name()='svg'])[30]//*[name()='rect']], [[ChromeDriver: chrome on WINDOWS (c544dc64adb88ae4ae12f438489d93a0)] -> xpath: (//*[local-name()='svg'])[30]//*[name()='rect']], [[ChromeDriver: chrome on WINDOWS (c544dc64adb88ae4ae12f438489d93a0)] -> xpath: (//*[local-name()='svg'])[30]//*[name()='rect']], [[ChromeDriver: chrome on WINDOWS (c544dc64adb88ae4ae12f438489d93a0)] -> xpath: (//*[local-name()='svg'])[30]//*[name()='rect']], [[ChromeDriver: chrome on WINDOWS (c544dc64adb88ae4ae12f438489d93a0)] -> xpath: (//*[local-name()='svg'])[30]//*[name()='rect']], [[ChromeDriver: chrome on WINDOWS (c544dc64adb88ae4ae12f438489d93a0)] -> xpath: (//*[local-name()='svg'])[30]//*[name()='rect']], [[ChromeDriver: chrome on WINDOWS (c544dc64adb88ae4ae12f438489d93a0)] -> xpath: (//*[local-name()='svg'])[30]//*[name()='rect']], [[ChromeDriver: chrome on WINDOWS (c544dc64adb88ae4ae12f438489d93a0)] -> xpath: (//*[local-name()='svg'])[30]//*[name()='rect']], [[ChromeDriver: chrome on WINDOWS (c544dc64adb88ae4ae12f438489d93a0)] -> xpath: (//*[local-name()='svg'])[30]//*[name()='rect']], [[ChromeDriver: chrome on WINDOWS (c544dc64adb88ae4ae12f438489d93a0)] -> xpath: (//*[local-name()='svg'])[30]//*[name()='rect']], [[ChromeDriver: chrome on WINDOWS (c544dc64adb88ae4ae12f438489d93a0)] -> xpath: (//*[local-name()='svg'])[30]//*[name()='rect']], [[ChromeDriver: chrome on WINDOWS (c544dc64adb88ae4ae12f438489d93a0)] -> xpath: (//*[local-name()='svg'])[30]//*[name()='rect']], [[ChromeDriver: chrome on WINDOWS (c544dc64adb88ae4ae12f438489d93a0)] -> xpath: (//*[local-name()='svg'])[30]//*[name()='rect']], [[ChromeDriver: chrome on WINDOWS (c544dc64adb88ae4ae12f438489d93a0)] -> xpath: (//*[local-name()='svg'])[30]//*[name()='rect']], [[ChromeDriver: chrome on WINDOWS (c544dc64adb88ae4ae12f438489d93a0)] -> xpath: (//*[local-name()='svg'])[30]//*[name()='rect']], [[ChromeDriver: chrome on WINDOWS (c544dc64adb88ae4ae12f438489d93a0)] -> xpath: (//*[local-name()='svg'])[30]//*[name()='rect']], [[ChromeDriver: chrome on WINDOWS (c544dc64adb88ae4ae12f438489d93a0)] -> xpath: (//*[local-name()='svg'])[30]//*[name()='rect']], [[ChromeDriver: chrome on WINDOWS (c544dc64adb88ae4ae12f438489d93a0)] -> xpath: (//*[local-name()='svg'])[30]//*[name()='rect']], [[ChromeDriver: chrome on WINDOWS (c544dc64adb88ae4ae12f438489d93a0)] -> xpath: (//*[local-name()='svg'])[30]//*[name()='rect']], [[ChromeDriver: chrome on WINDOWS (c544dc64adb88ae4ae12f438489d93a0)] -> xpath: (//*[local-name()='svg'])[30]//*[name()='rect']], [[ChromeDriver: chrome on WINDOWS (c544dc64adb88ae4ae12f438489d93a0)] -> xpath: (//*[local-name()='svg'])[30]//*[name()='rect']], [[ChromeDriver: chrome on WINDOWS (c544dc64adb88ae4ae12f438489d93a0)] -> xpath: (//*[local-name()='svg'])[30]//*[name()='rect']], [[ChromeDriver: chrome on WINDOWS (c544dc64adb88ae4ae12f438489d93a0)] -> xpath: (//*[local-name()='svg'])[30]//*[name()='rect']], [[ChromeDriver: chrome on WINDOWS (c544dc64adb88ae4ae12f438489d93a0)] -> xpath: (//*[local-name()='svg'])[30]//*[name()='rect']], [[ChromeDriver: chrome on WINDOWS (c544dc64adb88ae4ae12f438489d93a0)] -> xpath: (//*[local-name()='svg'])[30]//*[name()='rect']], [[ChromeDriver: chrome on WINDOWS (c544dc64adb88ae4ae12f438489d93a0)] -> xpath: (//*[local-name()='svg'])[30]//*[name()='rect']], [[ChromeDriver: chrome on WINDOWS (c544dc64adb88ae4ae12f438489d93a0)] -> xpath: (//*[local-name()='svg'])[30]//*[name()='rect']], [[ChromeDriver: chrome on WINDOWS (c544dc64adb88ae4ae12f438489d93a0)] -> xpath: (//*[local-name()='svg'])[30]//*[name()='rect']], [[ChromeDriver: chrome on WINDOWS (c544dc64adb88ae4ae12f438489d93a0)] -> xpath: (//*[local-name()='svg'])[30]//*[name()='rect']], [[ChromeDriver: chrome on WINDOWS (c544dc64adb88ae4ae12f438489d93a0)] -> xpath: (//*[local-name()='svg'])[30]//*[name()='rect']], [[ChromeDriver: chrome on WINDOWS (c544dc64adb88ae4ae12f438489d93a0)] -> xpath: (//*[local-name()='svg'])[30]//*[name()='rect']], [[ChromeDriver: chrome on WINDOWS (c544dc64adb88ae4ae12f438489d93a0)] -> xpath: (//*[local-name()='svg'])[30]//*[name()='rect']], [[ChromeDriver: chrome on WINDOWS (c544dc64adb88ae4ae12f438489d93a0)] -> xpath: (//*[local-name()='svg'])[30]//*[name()='rect']], [[ChromeDriver: chrome on WINDOWS (c544dc64adb88ae4ae12f438489d93a0)] -> xpath: (//*[local-name()='svg'])[30]//*[name()='rect']], [[ChromeDriver: chrome on WINDOWS (c544dc64adb88ae4ae12f438489d93a0)] -> xpath: (//*[local-name()='svg'])[30]//*[name()='rect']], [[ChromeDriver: chrome on WINDOWS (c544dc64adb88ae4ae12f438489d93a0)] -> xpath: (//*[local-name()='svg'])[30]//*[name()='rect']], [[ChromeDriver: chrome on WINDOWS (c544dc64adb88ae4ae12f438489d93a0)] -> xpath: (//*[local-name()='svg'])[30]//*[name()='rect']], [[ChromeDriver: chrome on WINDOWS (c544dc64adb88ae4ae12f438489d93a0)] -> xpath: (//*[local-name()='svg'])[30]//*[name()='rect']], [[ChromeDriver: chrome on WINDOWS (c544dc64adb88ae4ae12f438489d93a0)] -> xpath: (//*[local-name()='svg'])[30]//*[name()='rect']], [[ChromeDriver: chrome on WINDOWS (c544dc64adb88ae4ae12f438489d93a0)] -> xpath: (//*[local-name()='svg'])[30]//*[name()='rect']], [[ChromeDriver: chrome on WINDOWS (c544dc64adb88ae4ae12f438489d93a0)] -> xpath: (//*[local-name()='svg'])[30]//*[name()='rect']], [[ChromeDriver: chrome on WINDOWS (c544dc64adb88ae4ae12f438489d93a0)] -> xpath: (//*[local-name()='svg'])[30]//*[name()='rect']], [[ChromeDriver: chrome on WINDOWS (c544dc64adb88ae4ae12f438489d93a0)] -> xpath: (//*[local-name()='svg'])[30]//*[name()='rect']], [[ChromeDriver: chrome on WINDOWS (c544dc64adb88ae4ae12f438489d93a0)] -> xpath: (//*[local-name()='svg'])[30]//*[name()='rect']], [[ChromeDriver: chrome on WINDOWS (c544dc64adb88ae4ae12f438489d93a0)] -> xpath: (//*[local-name()='svg'])[30]//*[name()='rect']], [[ChromeDriver: chrome on WINDOWS (c544dc64adb88ae4ae12f438489d93a0)] -> xpath: (//*[local-name()='svg'])[30]//*[name()='rect']], [[ChromeDriver: chrome on WINDOWS (c544dc64adb88ae4ae12f438489d93a0)] -> xpath: (//*[local-name()='svg'])[30]//*[name()='rect']], [[ChromeDriver: chrome on WINDOWS (c544dc64adb88ae4ae12f438489d93a0)] -> xpath: (//*[local-name()='svg'])[30]//*[name()='rect']], [[ChromeDriver: chrome on WINDOWS (c544dc64adb88ae4ae12f438489d93a0)] -> xpath: (//*[local-name()='svg'])[30]//*[name()='rect']], [[ChromeDriver: chrome on WINDOWS (c544dc64adb88ae4ae12f438489d93a0)] -> xpath: (//*[local-name()='svg'])[30]//*[name()='rect']], [[ChromeDriver: chrome on WINDOWS (c544dc64adb88ae4ae12f438489d93a0)] -> xpath: (//*[local-name()='svg'])[30]//*[name()='rect']], [[ChromeDriver: chrome on WINDOWS (c544dc64adb88ae4ae12f438489d93a0)] -> xpath: (//*[local-name()='svg'])[30]//*[name()='rect']], [[ChromeDriver: chrome on WINDOWS (c544dc64adb88ae4ae12f438489d93a0)] -> xpath: (//*[local-name()='svg'])[30]//*[name()='rect']], [[ChromeDriver: chrome on WINDOWS (c544dc64adb88ae4ae12f438489d93a0)] -> xpath: (//*[local-name()='svg'])[30]//*[name()='rect']], [[ChromeDriver: chrome on WINDOWS (c544dc64adb88ae4ae12f438489d93a0)] -> xpath: (//*[local-name()='svg'])[30]//*[name()='rect']], [[ChromeDriver: chrome on WINDOWS (c544dc64adb88ae4ae12f438489d93a0)] -> xpath: (//*[local-name()='svg'])[30]//*[name()='rect']], [[ChromeDriver: chrome on WINDOWS (c544dc64adb88ae4ae12f438489d93a0)] -> xpath: (//*[local-name()='svg'])[30]//*[name()='rect']], [[ChromeDriver: chrome on WINDOWS (c544dc64adb88ae4ae12f438489d93a0)] -> xpath: (//*[local-name()='svg'])[30]//*[name()='rect']], [[ChromeDriver: chrome on WINDOWS (c544dc64adb88ae4ae12f438489d93a0)] -> xpath: (//*[local-name()='svg'])[30]//*[name()='rect']], [[ChromeDriver: chrome on WINDOWS (c544dc64adb88ae4ae12f438489d93a0)] -> xpath: (//*[local-name()='svg'])[30]//*[name()='rect']], [[ChromeDriver: chrome on WINDOWS (c544dc64adb88ae4ae12f438489d93a0)] -> xpath: (//*[local-name()='svg'])[30]//*[name()='rect']], [[ChromeDriver: chrome on WINDOWS (c544dc64adb88ae4ae12f438489d93a0)] -> xpath: (//*[local-name()='svg'])[30]//*[name()='rect']], [[ChromeDriver: chrome on WINDOWS (c544dc64adb88ae4ae12f438489d93a0)] -> xpath: (//*[local-name()='svg'])[30]//*[name()='rect']], [[ChromeDriver: chrome on WINDOWS (c544dc64adb88ae4ae12f438489d93a0)] -> xpath: (//*[local-name()='svg'])[30]//*[name()='rect']], [[ChromeDriver: chrome on WINDOWS (c544dc64adb88ae4ae12f438489d93a0)] -> xpath: (//*[local-name()='svg'])[30]//*[name()='rect']], [[ChromeDriver: chrome on WINDOWS (c544dc64adb88ae4ae12f438489d93a0)] -> xpath: (//*[local-name()='svg'])[30]//*[name()='rect']], [[ChromeDriver: chrome on WINDOWS (c544dc64adb88ae4ae12f438489d93a0)] -> xpath: (//*[local-name()='svg'])[30]//*[name()='rect']], [[ChromeDriver: chrome on WINDOWS (c544dc64adb88ae4ae12f438489d93a0)] -> xpath: (//*[local-name()='svg'])[30]//*[name()='rect']], [[ChromeDriver: chrome on WINDOWS (c544dc64adb88ae4ae12f438489d93a0)] -> xpath: (//*[local-name()='svg'])[30]//*[name()='rect']], [[ChromeDriver: chrome on WINDOWS (c544dc64adb88ae4ae12f438489d93a0)] -> xpath: (//*[local-name()='svg'])[30]//*[name()='rect']], [[ChromeDriver: chrome on WINDOWS (c544dc64adb88ae4ae12f438489d93a0)] -> xpath: (//*[local-name()='svg'])[30]//*[name()='rect']], [[ChromeDriver: chrome on WINDOWS (c544dc64adb88ae4ae12f438489d93a0)] -> xpath: (//*[local-name()='svg'])[30]//*[name()='rect']], [[ChromeDriver: chrome on WINDOWS (c544dc64adb88ae4ae12f438489d93a0)] -> xpath: (//*[local-name()='svg'])[30]//*[name()='rect']], [[ChromeDriver: chrome on WINDOWS (c544dc64adb88ae4ae12f438489d93a0)] -> xpath: (//*[local-name()='svg'])[30]//*[name()='rect']], [[ChromeDriver: chrome on WINDOWS (c544dc64adb88ae4ae12f438489d93a0)] -> xpath: (//*[local-name()='svg'])[30]//*[name()='rect']], [[ChromeDriver: chrome on WINDOWS (c544dc64adb88ae4ae12f438489d93a0)] -> xpath: (//*[local-name()='svg'])[30]//*[name()='rect']], [[ChromeDriver: chrome on WINDOWS (c544dc64adb88ae4ae12f438489d93a0)] -> xpath: (//*[local-name()='svg'])[30]//*[name()='rect']], [[ChromeDriver: chrome on WINDOWS (c544dc64adb88ae4ae12f438489d93a0)] -> xpath: (//*[local-name()='svg'])[30]//*[name()='rect']], [[ChromeDriver: chrome on WINDOWS (c544dc64adb88ae4ae12f438489d93a0)] -> xpath: (//*[local-name()='svg'])[30]//*[name()='rect']], [[ChromeDriver: chrome on WINDOWS (c544dc64adb88ae4ae12f438489d93a0)] -> xpath: (//*[local-name()='svg'])[30]//*[name()='rect']], [[ChromeDriver: chrome on WINDOWS (c544dc64adb88ae4ae12f438489d93a0)] -> xpath: (//*[local-name()='svg'])[30]//*[name()='rect']], [[ChromeDriver: chrome on WINDOWS (c544dc64adb88ae4ae12f438489d93a0)] -> xpath: (//*[local-name()='svg'])[30]//*[name()='rect']], [[ChromeDriver: chrome on WINDOWS (c544dc64adb88ae4ae12f438489d93a0)] -> xpath: (//*[local-name()='svg'])[30]//*[name()='rect']], [[ChromeDriver: chrome on WINDOWS (c544dc64adb88ae4ae12f438489d93a0)] -> xpath: (//*[local-name()='svg'])[30]//*[name()='rect']], [[ChromeDriver: chrome on WINDOWS (c544dc64adb88ae4ae12f438489d93a0)] -> xpath: (//*[local-name()='svg'])[30]//*[name()='rect']], [[ChromeDriver: chrome on WINDOWS (c544dc64adb88ae4ae12f438489d93a0)] -> xpath: (//*[local-name()='svg'])[30]//*[name()='rect']], [[ChromeDriver: chrome on WINDOWS (c544dc64adb88ae4ae12f438489d93a0)] -> xpath: (//*[local-name()='svg'])[30]//*[name()='rect']], [[ChromeDriver: chrome on WINDOWS (c544dc64adb88ae4ae12f438489d93a0)] -> xpath: (//*[local-name()='svg'])[30]//*[name()='rect']], [[ChromeDriver: chrome on WINDOWS (c544dc64adb88ae4ae12f438489d93a0)] -> xpath: (//*[local-name()='svg'])[30]//*[name()='rect']], [[ChromeDriver: chrome on WINDOWS (c544dc64adb88ae4ae12f438489d93a0)] -> xpath: (//*[local-name()='svg'])[30]//*[name()='rect']], [[ChromeDriver: chrome on WINDOWS (c544dc64adb88ae4ae12f438489d93a0)] -> xpath: (//*[local-name()='svg'])[30]//*[name()='rect']], [[ChromeDriver: chrome on WINDOWS (c544dc64adb88ae4ae12f438489d93a0)] -> xpath: (//*[local-name()='svg'])[30]//*[name()='rect']], [[ChromeDriver: chrome on WINDOWS (c544dc64adb88ae4ae12f438489d93a0)] -> xpath: (//*[local-name()='svg'])[30]//*[name()='rect']], [[ChromeDriver: chrome on WINDOWS (c544dc64adb88ae4ae12f438489d93a0)] -> xpath: (//*[local-name()='svg'])[30]//*[name()='rect']], [[ChromeDriver: chrome on WINDOWS (c544dc64adb88ae4ae12f438489d93a0)] -> xpath: (//*[local-name()='svg'])[30]//*[name()='rect']], [[ChromeDriver: chrome on WINDOWS (c544dc64adb88ae4ae12f438489d93a0)] -> xpath: (//*[local-name()='svg'])[30]//*[name()='rect']], [[ChromeDriver: chrome on WINDOWS (c544dc64adb88ae4ae12f438489d93a0)] -> xpath: (//*[local-name()='svg'])[30]//*[name()='rect']], [[ChromeDriver: chrome on WINDOWS (c544dc64adb88ae4ae12f438489d93a0)] -> xpath: (//*[local-name()='svg'])[30]//*[name()='rect']], [[ChromeDriver: chrome on WINDOWS (c544dc64adb88ae4ae12f438489d93a0)] -> xpath: (//*[local-name()='svg'])[30]//*[name()='rect']], [[ChromeDriver: chrome on WINDOWS (c544dc64adb88ae4ae12f438489d93a0)] -> xpath: (//*[local-name()='svg'])[30]//*[name()='rect']], [[ChromeDriver: chrome on WINDOWS (c544dc64adb88ae4ae12f438489d93a0)] -> xpath: (//*[local-name()='svg'])[30]//*[name()='rect']], [[ChromeDriver: chrome on WINDOWS (c544dc64adb88ae4ae12f438489d93a0)] -> xpath: (//*[local-name()='svg'])[30]//*[name()='rect']], [[ChromeDriver: chrome on WINDOWS (c544dc64adb88ae4ae12f438489d93a0)] -> xpath: (//*[local-name()='svg'])[30]//*[name()='rect']], [[ChromeDriver: chrome on WINDOWS (c544dc64adb88ae4ae12f438489d93a0)] -> xpath: (//*[local-name()='svg'])[30]//*[name()='rect']], [[ChromeDriver: chrome on WINDOWS (c544dc64adb88ae4ae12f438489d93a0)] -> xpath: (//*[local-name()='svg'])[30]//*[name()='rect']], [[ChromeDriver: chrome on WINDOWS (c544dc64adb88ae4ae12f438489d93a0)] -> xpath: (//*[local-name()='svg'])[30]//*[name()='rect']], [[ChromeDriver: chrome on WINDOWS (c544dc64adb88ae4ae12f438489d93a0)] -> xpath: (//*[local-name()='svg'])[30]//*[name()='rect']], [[ChromeDriver: chrome on WINDOWS (c544dc64adb88ae4ae12f438489d93a0)] -> xpath: (//*[local-name()='svg'])[30]//*[name()='rect']], [[ChromeDriver: chrome on WINDOWS (c544dc64adb88ae4ae12f438489d93a0)] -> xpath: (//*[local-name()='svg'])[30]//*[name()='rect']], [[ChromeDriver: chrome on WINDOWS (c544dc64adb88ae4ae12f438489d93a0)] -> xpath: (//*[local-name()='svg'])[30]//*[name()='rect']], [[ChromeDriver: chrome on WINDOWS (c544dc64adb88ae4ae12f438489d93a0)] -> xpath: (//*[local-name()='svg'])[30]//*[name()='rect']], [[ChromeDriver: chrome on WINDOWS (c544dc64adb88ae4ae12f438489d93a0)] -> xpath: (//*[local-name()='svg'])[30]//*[name()='rect']], [[ChromeDriver: chrome on WINDOWS (c544dc64adb88ae4ae12f438489d93a0)] -> xpath: (//*[local-name()='svg'])[30]//*[name()='rect']], [[ChromeDriver: chrome on WINDOWS (c544dc64adb88ae4ae12f438489d93a0)] -> xpath: (//*[local-name()='svg'])[30]//*[name()='rect']], [[ChromeDriver: chrome on WINDOWS (c544dc64adb88ae4ae12f438489d93a0)] -> xpath: (//*[local-name()='svg'])[30]//*[name()='rect']], [[ChromeDriver: chrome on WINDOWS (c544dc64adb88ae4ae12f438489d93a0)] -> xpath: (//*[local-name()='svg'])[30]//*[name()='rect']], [[ChromeDriver: chrome on WINDOWS (c544dc64adb88ae4ae12f438489d93a0)] -> xpath: (//*[local-name()='svg'])[30]//*[name()='rect']], [[ChromeDriver: chrome on WINDOWS (c544dc64adb88ae4ae12f438489d93a0)] -> xpath: (//*[local-name()='svg'])[30]//*[name()='rect']], [[ChromeDriver: chrome on WINDOWS (c544dc64adb88ae4ae12f438489d93a0)] -> xpath: (//*[local-name()='svg'])[30]//*[name()='rect']], [[ChromeDriver: chrome on WINDOWS (c544dc64adb88ae4ae12f438489d93a0)] -> xpath: (//*[local-name()='svg'])[30]//*[name()='rect']], [[ChromeDriver: chrome on WINDOWS (c544dc64adb88ae4ae12f438489d93a0)] -> xpath: (//*[local-name()='svg'])[30]//*[name()='rect']], [[ChromeDriver: chrome on WINDOWS (c544dc64adb88ae4ae12f438489d93a0)] -> xpath: (//*[local-name()='svg'])[30]//*[name()='rect']], [[ChromeDriver: chrome on WINDOWS (c544dc64adb88ae4ae12f438489d93a0)] -> xpath: (//*[local-name()='svg'])[30]//*[name()='rect']], [[ChromeDriver: chrome on WINDOWS (c544dc64adb88ae4ae12f438489d93a0)] -> xpath: (//*[local-name()='svg'])[30]//*[name()='rect']], [[ChromeDriver: chrome on WINDOWS (c544dc64adb88ae4ae12f438489d93a0)] -> xpath: (//*[local-name()='svg'])[30]//*[name()='rect']], [[ChromeDriver: chrome on WINDOWS (c544dc64adb88ae4ae12f438489d93a0)] -> xpath: (//*[local-name()='svg'])[30]//*[name()='rect']], [[ChromeDriver: chrome on WINDOWS (c544dc64adb88ae4ae12f438489d93a0)] -> xpath: (//*[local-name()='svg'])[30]//*[name()='rect']], [[ChromeDriver: chrome on WINDOWS (c544dc64adb88ae4ae12f438489d93a0)] -> xpath: (//*[local-name()='svg'])[30]//*[name()='rect']]]
December 30, 2019
0
Confirmed Cases
January 6, 2020
0
Confirmed Cases
January 13, 2020
0
Confirmed Cases
January 20, 2020
0
Confirmed Cases
January 27, 2020
2
Confirmed Cases
2
Weekly Increase
100%
Weekly Change
January 27, 2020
2
Confirmed Cases
2
Weekly Increase
100%
Weekly Change
]]></system-out>
    <system-err><![CDATA[SLF4J: No SLF4J providers were found.
SLF4J: Defaulting to no-operation (NOP) logger implementation
SLF4J: See https://www.slf4j.org/codes.html#noProviders for further details.
Starting ChromeDriver 114.0.5735.90 (386bc09e8f4f2e025eddae123f36f6263096ae49-refs/branch-heads/5735@{#1052}) on port 40477
Only local connections are allowed.
Please see https://chromedriver.chromium.org/security-considerations for suggestions on keeping ChromeDriver safe.
ChromeDriver was started successfully.
Jun 27, 2023 7:24:08 PM org.openqa.selenium.devtools.CdpVersionFinder findNearestMatch
WARNING: Unable to find an exact match for CDP version 114, so returning the closest version found: 110
]]></system-err>
  </testcase>
</testsuite>