<?xml version="1.0" encoding="UTF-8"?>
<testng-results ignored="0" total="1" passed="1" failed="0" skipped="0">
  <reporter-output>
  </reporter-output>
  <suite started-at="2023-06-22T16:00:54 IST" name="Default suite" finished-at="2023-06-22T16:02:13 IST" duration-ms="78831">
    <groups>
    </groups>
    <test started-at="2023-06-22T16:00:54 IST" name="Default test" finished-at="2023-06-22T16:02:13 IST" duration-ms="78831">
      <class name="org.testngpractice.Sample">
        <test-method signature="tc1()[pri:0, instance:org.testngpractice.Sample@3f191845]" started-at="2023-06-22T16:00:54 IST" name="tc1" finished-at="2023-06-22T16:02:13 IST" duration-ms="78673" status="PASS">
          <reporter-output>
          </reporter-output>
        </test-method> <!-- tc1 -->
      </class> <!-- org.testngpractice.Sample -->
    </test> <!-- Default test -->
  </suite> <!-- Default suite -->
</testng-results>
